<?xml version="1.0" encoding="UTF-8"?>
<!-- Generated by org.testng.reporters.JUnitXMLReporter -->
<testsuite hostname="ANKITABU06" ignored="0" name="Test" tests="3" failures="2" timestamp="04 Sep 2020 16:28:21 GMT" time="78.325" errors="0">
  <testcase name="browserInvoke" time="0.396" classname="Framework.TestCases">
    <failure type="org.openqa.selenium.ElementClickInterceptedException" message="Element &amp;lt;a class=&amp;quot;theme-btn register-btn&amp;quot; href=&amp;quot;https://courses.rahulshettyacademy.com/sign_in&amp;quot;&amp;gt; is not clickable at point (1282,27) because another element &amp;lt;div class=&amp;quot;preloader&amp;quot;&amp;gt; obscures it
Build info: version: &amp;apos;3.141.5&amp;apos;, revision: &amp;apos;d54ebd709a&amp;apos;, time: &amp;apos;2018-11-06T11:42:16&amp;apos;
System info: host: &amp;apos;ANKITABU06&amp;apos;, ip: &amp;apos;192.168.0.104&amp;apos;, os.name: &amp;apos;Windows 10&amp;apos;, os.arch: &amp;apos;amd64&amp;apos;, os.version: &amp;apos;10.0&amp;apos;, java.version: &amp;apos;1.8.0_181&amp;apos;
Driver info: org.openqa.selenium.firefox.FirefoxDriver
Capabilities {acceptInsecureCerts: true, browserName: firefox, browserVersion: 74.0, javascriptEnabled: true, moz:accessibilityChecks: false, moz:buildID: 20200309095159, moz:geckodriverVersion: 0.27.0, moz:headless: false, moz:processID: 81280, moz:profile: C:\Users\ankitabu\AppData\L..., moz:shutdownTimeout: 60000, moz:useNonSpecCompliantPointerOrigin: false, moz:webdriverClick: true, pageLoadStrategy: normal, platform: WINDOWS, platformName: WINDOWS, platformVersion: 10.0, rotatable: false, setWindowRect: true, strictFileInteractability: false, timeouts: {implicit: 0, pageLoad: 300000, script: 30000}, unhandledPromptBehavior: dismiss and notify}
Session ID: 78da0963-4a99-4120-8f55-db9a6dc1031b">
      <![CDATA[org.openqa.selenium.ElementClickInterceptedException: Element <a class="theme-btn register-btn" href="https://courses.rahulshettyacademy.com/sign_in"> is not clickable at point (1282,27) because another element <div class="preloader"> obscures it
Build info: version: '3.141.5', revision: 'd54ebd709a', time: '2018-11-06T11:42:16'
System info: host: 'ANKITABU06', ip: '192.168.0.104', os.name: 'Windows 10', os.arch: 'amd64', os.version: '10.0', java.version: '1.8.0_181'
Driver info: org.openqa.selenium.firefox.FirefoxDriver
Capabilities {acceptInsecureCerts: true, browserName: firefox, browserVersion: 74.0, javascriptEnabled: true, moz:accessibilityChecks: false, moz:buildID: 20200309095159, moz:geckodriverVersion: 0.27.0, moz:headless: false, moz:processID: 81280, moz:profile: C:\Users\ankitabu\AppData\L..., moz:shutdownTimeout: 60000, moz:useNonSpecCompliantPointerOrigin: false, moz:webdriverClick: true, pageLoadStrategy: normal, platform: WINDOWS, platformName: WINDOWS, platformVersion: 10.0, rotatable: false, setWindowRect: true, strictFileInteractability: false, timeouts: {implicit: 0, pageLoad: 300000, script: 30000}, unhandledPromptBehavior: dismiss and notify}
Session ID: 78da0963-4a99-4120-8f55-db9a6dc1031b
at org.openqa.selenium.remote.http.W3CHttpResponseCodec.createException(W3CHttpResponseCodec.java:187)
at org.openqa.selenium.remote.http.W3CHttpResponseCodec.decode(W3CHttpResponseCodec.java:122)
at org.openqa.selenium.remote.http.W3CHttpResponseCodec.decode(W3CHttpResponseCodec.java:49)
at org.openqa.selenium.remote.HttpCommandExecutor.execute(HttpCommandExecutor.java:158)
at org.openqa.selenium.remote.service.DriverCommandExecutor.execute(DriverCommandExecutor.java:83)
at org.openqa.selenium.remote.RemoteWebDriver.execute(RemoteWebDriver.java:552)
at org.openqa.selenium.remote.RemoteWebElement.execute(RemoteWebElement.java:285)
at org.openqa.selenium.remote.RemoteWebElement.click(RemoteWebElement.java:84)
at org.openqa.selenium.support.pagefactory.internal.LocatingElementHandler.invoke(LocatingElementHandler.java:51)
at com.sun.proxy.$Proxy30.click(Unknown Source)
at pageObjects.LandingPage.Signin(LandingPage.java:28)
at Framework.TestCases.browserInvoke(TestCases.java:50)
... Removed 33 stack frames]]>
    </failure>
  </testcase> <!-- browserInvoke -->
  <testcase name="browserInvoke" time="0.242" classname="Framework.TestCases">
    <failure type="org.openqa.selenium.ElementClickInterceptedException" message="Element &amp;lt;a class=&amp;quot;theme-btn register-btn&amp;quot; href=&amp;quot;https://courses.rahulshettyacademy.com/sign_in&amp;quot;&amp;gt; is not clickable at point (1282,27) because another element &amp;lt;div class=&amp;quot;preloader&amp;quot;&amp;gt; obscures it
Build info: version: &amp;apos;3.141.5&amp;apos;, revision: &amp;apos;d54ebd709a&amp;apos;, time: &amp;apos;2018-11-06T11:42:16&amp;apos;
System info: host: &amp;apos;ANKITABU06&amp;apos;, ip: &amp;apos;192.168.0.104&amp;apos;, os.name: &amp;apos;Windows 10&amp;apos;, os.arch: &amp;apos;amd64&amp;apos;, os.version: &amp;apos;10.0&amp;apos;, java.version: &amp;apos;1.8.0_181&amp;apos;
Driver info: org.openqa.selenium.firefox.FirefoxDriver
Capabilities {acceptInsecureCerts: true, browserName: firefox, browserVersion: 74.0, javascriptEnabled: true, moz:accessibilityChecks: false, moz:buildID: 20200309095159, moz:geckodriverVersion: 0.27.0, moz:headless: false, moz:processID: 252964, moz:profile: C:\Users\ankitabu\AppData\L..., moz:shutdownTimeout: 60000, moz:useNonSpecCompliantPointerOrigin: false, moz:webdriverClick: true, pageLoadStrategy: normal, platform: WINDOWS, platformName: WINDOWS, platformVersion: 10.0, rotatable: false, setWindowRect: true, strictFileInteractability: false, timeouts: {implicit: 0, pageLoad: 300000, script: 30000}, unhandledPromptBehavior: dismiss and notify}
Session ID: 26c23a48-d2a8-458f-8fbc-555b5ab03dc9">
      <![CDATA[org.openqa.selenium.ElementClickInterceptedException: Element <a class="theme-btn register-btn" href="https://courses.rahulshettyacademy.com/sign_in"> is not clickable at point (1282,27) because another element <div class="preloader"> obscures it
Build info: version: '3.141.5', revision: 'd54ebd709a', time: '2018-11-06T11:42:16'
System info: host: 'ANKITABU06', ip: '192.168.0.104', os.name: 'Windows 10', os.arch: 'amd64', os.version: '10.0', java.version: '1.8.0_181'
Driver info: org.openqa.selenium.firefox.FirefoxDriver
Capabilities {acceptInsecureCerts: true, browserName: firefox, browserVersion: 74.0, javascriptEnabled: true, moz:accessibilityChecks: false, moz:buildID: 20200309095159, moz:geckodriverVersion: 0.27.0, moz:headless: false, moz:processID: 252964, moz:profile: C:\Users\ankitabu\AppData\L..., moz:shutdownTimeout: 60000, moz:useNonSpecCompliantPointerOrigin: false, moz:webdriverClick: true, pageLoadStrategy: normal, platform: WINDOWS, platformName: WINDOWS, platformVersion: 10.0, rotatable: false, setWindowRect: true, strictFileInteractability: false, timeouts: {implicit: 0, pageLoad: 300000, script: 30000}, unhandledPromptBehavior: dismiss and notify}
Session ID: 26c23a48-d2a8-458f-8fbc-555b5ab03dc9
at org.openqa.selenium.remote.http.W3CHttpResponseCodec.createException(W3CHttpResponseCodec.java:187)
at org.openqa.selenium.remote.http.W3CHttpResponseCodec.decode(W3CHttpResponseCodec.java:122)
at org.openqa.selenium.remote.http.W3CHttpResponseCodec.decode(W3CHttpResponseCodec.java:49)
at org.openqa.selenium.remote.HttpCommandExecutor.execute(HttpCommandExecutor.java:158)
at org.openqa.selenium.remote.service.DriverCommandExecutor.execute(DriverCommandExecutor.java:83)
at org.openqa.selenium.remote.RemoteWebDriver.execute(RemoteWebDriver.java:552)
at org.openqa.selenium.remote.RemoteWebElement.execute(RemoteWebElement.java:285)
at org.openqa.selenium.remote.RemoteWebElement.click(RemoteWebElement.java:84)
at org.openqa.selenium.support.pagefactory.internal.LocatingElementHandler.invoke(LocatingElementHandler.java:51)
at com.sun.proxy.$Proxy30.click(Unknown Source)
at pageObjects.LandingPage.Signin(LandingPage.java:28)
at Framework.TestCases.browserInvoke(TestCases.java:50)
... Removed 33 stack frames]]>
    </failure>
  </testcase> <!-- browserInvoke -->
  <testcase name="getCourse" time="46.809" classname="Framework.TestCourse"/>
</testsuite> <!-- Test -->
