<?xml version="1.0" encoding="UTF-8"?>
<testsuite xmlns:xsi="http://www.w3.org/2001/XMLSchema-instance" xsi:noNamespaceSchemaLocation="https://maven.apache.org/surefire/maven-surefire-plugin/xsd/surefire-test-report-3.0.xsd" version="3.0" name="TestSuite" time="2.78" tests="9" errors="0" skipped="7" failures="2">
  <properties>
[...]
</properties>
  <testcase name="openBrowser" classname="Framework.TestCases" time="1.998">
    <failure message="The path to the driver executable must be set by the webdriver.gecko.driver system property; for more information, see https://github.com/mozilla/geckodriver. The latest version can be downloaded from https://github.com/mozilla/geckodriver/releases" type="java.lang.IllegalStateException"><![CDATA[java.lang.IllegalStateException: The path to the driver executable must be set by the webdriver.gecko.driver system property; for more information, see https://github.com/mozilla/geckodriver. The latest version can be downloaded from https://github.com/mozilla/geckodriver/releases
	at Framework.TestCases.openBrowser(TestCases.java:35)
]]></failure>
  </testcase>
  <testcase name="openBrowser" classname="Framework.TestCases" time="0">
    <skipped/>
  </testcase>
  <testcase name="browserInvoke" classname="Framework.TestCases" time="0">
    <skipped message="The path to the driver executable must be set by the webdriver.gecko.driver system property; for more information, see https://github.com/mozilla/geckodriver. The latest version can be downloaded from https://github.com/mozilla/geckodriver/releases"/>
  </testcase>
  <testcase name="browserInvoke" classname="Framework.TestCases" time="0">
    <skipped message="The path to the driver executable must be set by the webdriver.gecko.driver system property; for more information, see https://github.com/mozilla/geckodriver. The latest version can be downloaded from https://github.com/mozilla/geckodriver/releases"/>
  </testcase>
  <testcase name="closeBrowser" classname="Framework.TestCases" time="0">
    <skipped/>
  </testcase>
  <testcase name="closeBrowser" classname="Framework.TestCases" time="0">
    <skipped/>
  </testcase>
  <testcase name="openBrowser" classname="Framework.TestCourse" time="2.011">
    <failure message="The path to the driver executable must be set by the webdriver.gecko.driver system property; for more information, see https://github.com/mozilla/geckodriver. The latest version can be downloaded from https://github.com/mozilla/geckodriver/releases" type="java.lang.IllegalStateException"><![CDATA[java.lang.IllegalStateException: The path to the driver executable must be set by the webdriver.gecko.driver system property; for more information, see https://github.com/mozilla/geckodriver. The latest version can be downloaded from https://github.com/mozilla/geckodriver/releases
	at Framework.TestCourse.openBrowser(TestCourse.java:22)
]]></failure>
  </testcase>
  <testcase name="getCourse" classname="Framework.TestCourse" time="0">
    <skipped message="The path to the driver executable must be set by the webdriver.gecko.driver system property; for more information, see https://github.com/mozilla/geckodriver. The latest version can be downloaded from https://github.com/mozilla/geckodriver/releases"/>
  </testcase>
  <testcase name="closeBrowser" classname="Framework.TestCourse" time="0">
    <skipped/>
  </testcase>
</testsuite>